<?xml version="1.0" encoding="UTF-8"?>
<!-- Generated by org.testng.reporters.JUnitReportReporter -->
<testsuite hostname="BDC6-DX-6BTDNK2" name="POMPack.PomMethod2" tests="1" failures="0" timestamp="20 Nov 2019 06:41:44 GMT" time="17.404" errors="0">
  <testcase name="f" time="17.404" classname="POMPack.PomMethod2"/>
</testsuite> <!-- POMPack.PomMethod2 -->
